2025/05/22 18:23:37 [INFO] 2025-05-22 18:23:37 - Starting HTTP server at http://localhost:8080 ...
2025/05/22 18:24:12 [ERROR] 2025-05-22 18:24:12 - Error preparing statement: unable to open database file: no such file or directory
2025/05/22 18:25:32 [INFO] 2025-05-22 18:25:32 - Starting HTTP server at http://localhost:8080 ...
2025/05/22 18:25:32 [INFO] 2025-05-22 18:25:32 - Migrations applied successfully!
2025/05/22 18:25:35 [ERROR] 2025-05-22 18:25:35 - Error executing query: sql: no rows in result set
2025/05/22 18:25:58 [INFO] 2025-05-22 18:25:58 - Received login request
2025/05/22 18:25:58 [INFO] 2025-05-22 18:25:58 - Request body parsed successfully
2025/05/22 18:25:58 [INFO] 2025-05-22 18:25:58 - Email and password fields validated
2025/05/22 18:25:58 [INFO] 2025-05-22 18:25:58 - User data retrieved from DB for email: omar@gmail.com
2025/05/22 18:25:58 [INFO] 2025-05-22 18:25:58 - Password validated successfully
2025/05/22 18:25:58 [INFO] 2025-05-22 18:25:58 - Sending success with token for user: dd7e4c34-d42a-467c-9859-c11a84e23633
2025/05/22 18:25:58 [INFO] 2025-05-22 18:25:58 - Save Token into Sessions
2025/05/22 18:25:58 [INFO] 2025-05-22 18:25:58 - Login successful for user: dd7e4c34-d42a-467c-9859-c11a84e23633
2025/05/22 19:21:52 [LOG] 2025-05-22 19:21:52 - Get request made to GetPostsScroll Handler
2025/05/22 19:21:52 [ERROR] 2025-05-22 19:21:52 - No Posts found in GetPostsScroll Handler: 
2025/05/22 19:21:52 [LOG] 2025-05-22 19:21:52 - Get request made to GetPostsScroll Handler
2025/05/22 19:21:52 [ERROR] 2025-05-22 19:21:52 - No Posts found in GetPostsScroll Handler: 
2025/05/22 19:23:22 [LOG] 2025-05-22 19:23:22 - Get request made to GetPostsScroll Handler
2025/05/22 19:23:22 [ERROR] 2025-05-22 19:23:22 - No Posts found in GetPostsScroll Handler: 
2025/05/22 19:23:22 [LOG] 2025-05-22 19:23:22 - Get request made to GetPostsScroll Handler
2025/05/22 19:23:22 [ERROR] 2025-05-22 19:23:22 - No Posts found in GetPostsScroll Handler: 
2025/05/22 19:29:42 [LOG] 2025-05-22 19:29:42 - Get request made to GetPostsScroll Handler
2025/05/22 19:29:42 [ERROR] 2025-05-22 19:29:42 - No Posts found in GetPostsScroll Handler: 
2025/05/22 19:29:42 [LOG] 2025-05-22 19:29:42 - Get request made to GetPostsScroll Handler
2025/05/22 19:29:42 [ERROR] 2025-05-22 19:29:42 - No Posts found in GetPostsScroll Handler: 
2025/05/22 19:30:18 [LOG] 2025-05-22 19:30:18 - Get request made to GetPostsScroll Handler
2025/05/22 19:30:18 [ERROR] 2025-05-22 19:30:18 - No Posts found in GetPostsScroll Handler: 
2025/05/22 19:30:18 [LOG] 2025-05-22 19:30:18 - Get request made to GetPostsScroll Handler
2025/05/22 19:30:18 [ERROR] 2025-05-22 19:30:18 - No Posts found in GetPostsScroll Handler: 
2025/05/22 19:48:07 [INFO] 2025-05-22 19:48:07 - Parsed multipart form
2025/05/22 19:48:07 [INFO] 2025-05-22 19:48:07 - Form fields parsed successfully
2025/05/22 19:48:07 [INFO] 2025-05-22 19:48:07 - Form fields parsed
2025/05/22 19:48:07 [INFO] 2025-05-22 19:48:07 - Checking if email exists: zabdelal2@gmail.com
2025/05/22 19:48:07 [INFO] 2025-05-22 19:48:07 - Email is unique
2025/05/22 19:48:07 [INFO] 2025-05-22 19:48:07 - Validating registration input
2025/05/22 19:48:07 [INFO] 2025-05-22 19:48:07 - Registration input valid
2025/05/22 19:48:07 [INFO] 2025-05-22 19:48:07 - User input validated
2025/05/22 19:48:07 [INFO] 2025-05-22 19:48:07 - Hashing password
2025/05/22 19:48:07 [INFO] 2025-05-22 19:48:07 - Password hashed successfully
2025/05/22 19:48:07 [INFO] 2025-05-22 19:48:07 - Password hashed
2025/05/22 19:48:07 [INFO] 2025-05-22 19:48:07 - Starting avatar upload
2025/05/22 19:48:07 [INFO] 2025-05-22 19:48:07 - No image file provided
2025/05/22 19:48:07 [INFO] 2025-05-22 19:48:07 - Saving user to database with ID: dcc5133c-b66c-488c-ae78-b19013a46bcc
2025/05/22 19:48:07 [INFO] 2025-05-22 19:48:07 - User saved successfully
2025/05/22 19:48:07 [INFO] 2025-05-22 19:48:07 - User registered with ID: dcc5133c-b66c-488c-ae78-b19013a46bcc
2025/05/22 19:48:07 [INFO] 2025-05-22 19:48:07 - Save Token into Sessions
2025/05/22 19:48:07 [INFO] 2025-05-22 19:48:07 - Login successful for user: dcc5133c-b66c-488c-ae78-b19013a46bcc
2025/05/22 19:48:07 [INFO] 2025-05-22 19:48:07 - Success Register
2025/05/22 19:48:17 [LOG] 2025-05-22 19:48:17 - Get request made to GetPostsScroll Handler
2025/05/22 19:48:17 [ERROR] 2025-05-22 19:48:17 - No Posts found in GetPostsScroll Handler: 
2025/05/22 19:48:17 [LOG] 2025-05-22 19:48:17 - Get request made to GetPostsScroll Handler
2025/05/22 19:48:17 [ERROR] 2025-05-22 19:48:17 - No Posts found in GetPostsScroll Handler: 
2025/05/23 16:06:01 [LOG] 2025-05-23 16:06:01 - Get request made to GetPostsScroll Handler
2025/05/23 16:06:01 [ERROR] 2025-05-23 16:06:01 - No Posts found in GetPostsScroll Handler: 
2025/05/23 16:06:01 [LOG] 2025-05-23 16:06:01 - Get request made to GetPostsScroll Handler
2025/05/23 16:06:01 [ERROR] 2025-05-23 16:06:01 - No Posts found in GetPostsScroll Handler: 
2025/05/23 16:06:01 [LOG] 2025-05-23 16:06:01 - Get request made to GetPostsScroll Handler
2025/05/23 16:06:01 [ERROR] 2025-05-23 16:06:01 - No Posts found in GetPostsScroll Handler: 
2025/05/23 16:06:01 [LOG] 2025-05-23 16:06:01 - Get request made to GetPostsScroll Handler
2025/05/23 16:06:01 [ERROR] 2025-05-23 16:06:01 - No Posts found in GetPostsScroll Handler: 
