2025/04/29 10:00:48 [INFO] 2025-04-29 10:00:48 - Starting HTTP server at http://localhost:8080 ...
2025/04/29 10:01:15 [INFO] 2025-04-29 10:01:15 - Starting HTTP server at http://localhost:8080 ...
2025/04/29 10:01:33 [INFO] 2025-04-29 10:01:33 - Starting HTTP server at http://localhost:8080 ...
2025/04/29 10:02:48 [INFO] 2025-04-29 10:02:48 - Starting HTTP server at http://localhost:8080 ...
2025/04/29 10:03:04 [INFO] 2025-04-29 10:03:04 - Starting HTTP server at http://localhost:8080 ...
2025/04/29 10:04:30 [INFO] 2025-04-29 10:04:30 - Starting HTTP server at http://localhost:8080 ...
2025/04/29 10:05:34 [INFO] 2025-04-29 10:05:34 - Starting HTTP server at http://localhost:8080 ...
2025/04/29 10:06:04 [INFO] 2025-04-29 10:06:04 - Starting HTTP server at http://localhost:8080 ...
2025/04/29 10:08:27 [INFO] 2025-04-29 10:08:27 - Starting HTTP server at http://localhost:8080 ...
2025/04/29 10:09:54 [INFO] 2025-04-29 10:09:54 - Starting HTTP server at http://localhost:8080 ...
2025/04/29 10:10:21 [INFO] 2025-04-29 10:10:21 - Starting HTTP server at http://localhost:8080 ...
2025/04/29 10:10:29 [INFO] 2025-04-29 10:10:29 - Starting HTTP server at http://localhost:8080 ...
2025/04/29 10:10:35 [INFO] 2025-04-29 10:10:35 - Starting HTTP server at http://localhost:8080 ...
2025/04/29 10:11:15 [INFO] 2025-04-29 10:11:15 - Starting HTTP server at http://localhost:8080 ...
2025/04/29 10:11:24 [INFO] 2025-04-29 10:11:24 - Starting HTTP server at http://localhost:8080 ...
2025/04/29 10:11:37 [INFO] 2025-04-29 10:11:37 - Starting HTTP server at http://localhost:8080 ...
2025/04/29 10:12:21 [INFO] 2025-04-29 10:12:21 - Starting HTTP server at http://localhost:8080 ...
2025/04/29 10:12:35 [INFO] 2025-04-29 10:12:35 - Starting HTTP server at http://localhost:8080 ...
2025/04/29 10:15:56 [INFO] 2025-04-29 10:15:56 - Starting HTTP server at http://localhost:8080 ...
2025/04/29 10:22:20 [INFO] 2025-04-29 10:22:20 - Starting HTTP server at http://localhost:8080 ...
2025/04/29 10:24:18 [INFO] 2025-04-29 10:24:18 - Starting HTTP server at http://localhost:8080 ...
2025/04/29 10:24:47 [INFO] 2025-04-29 10:24:47 - Starting HTTP server at http://localhost:8080 ...
2025/04/29 10:25:02 [INFO] 2025-04-29 10:25:02 - Starting HTTP server at http://localhost:8080 ...
2025/04/29 10:25:09 [INFO] 2025-04-29 10:25:09 - Starting HTTP server at http://localhost:8080 ...
2025/04/29 10:27:19 [INFO] 2025-04-29 10:27:19 - Starting HTTP server at http://localhost:8080 ...
2025/04/29 10:28:13 [INFO] 2025-04-29 10:28:13 - Starting HTTP server at http://localhost:8080 ...
2025/04/29 10:39:40 [INFO] 2025-04-29 10:39:40 - Starting HTTP server at http://localhost:8080 ...
2025/04/29 10:40:47 [INFO] 2025-04-29 10:40:47 - Starting HTTP server at http://localhost:8080 ...
2025/04/29 10:44:21 [INFO] 2025-04-29 10:44:21 - Starting HTTP server at http://localhost:8080 ...
2025/04/29 10:45:54 [INFO] 2025-04-29 10:45:54 - Starting HTTP server at http://localhost:8080 ...
2025/04/29 10:48:06 [INFO] 2025-04-29 10:48:06 - Starting HTTP server at http://localhost:8080 ...
2025/04/29 10:52:36 [INFO] 2025-04-29 10:52:36 - Starting HTTP server at http://localhost:8080 ...
2025/04/29 10:53:36 [INFO] 2025-04-29 10:53:36 - Starting HTTP server at http://localhost:8080 ...
2025/04/29 10:54:37 [INFO] 2025-04-29 10:54:37 - Starting HTTP server at http://localhost:8080 ...
2025/04/29 11:25:14 [INFO] 2025-04-29 11:25:14 - Starting HTTP server at http://localhost:8080 ...
2025/04/29 11:26:12 [INFO] 2025-04-29 11:26:12 - Starting HTTP server at http://localhost:8080 ...
2025/04/29 12:17:27 [INFO] 2025-04-29 12:17:27 - Starting HTTP server at http://localhost:8080 ...
2025/04/29 12:19:06 [INFO] 2025-04-29 12:19:06 - Starting HTTP server at http://localhost:8080 ...
2025/04/29 12:19:46 [INFO] 2025-04-29 12:19:46 - Starting HTTP server at http://localhost:8080 ...
2025/04/29 12:20:17 [INFO] 2025-04-29 12:20:17 - Starting HTTP server at http://localhost:8080 ...
2025/04/29 12:20:47 [INFO] 2025-04-29 12:20:47 - Starting HTTP server at http://localhost:8080 ...
2025/04/29 12:21:30 [INFO] 2025-04-29 12:21:30 - Starting HTTP server at http://localhost:8080 ...
2025/04/29 12:22:33 [INFO] 2025-04-29 12:22:33 - Starting HTTP server at http://localhost:8080 ...
2025/04/29 12:24:38 [INFO] 2025-04-29 12:24:38 - Starting HTTP server at http://localhost:8080 ...
2025/04/29 12:31:39 [INFO] 2025-04-29 12:31:39 - Starting HTTP server at http://localhost:8080 ...
2025/04/29 12:31:57 [INFO] 2025-04-29 12:31:57 - Starting HTTP server at http://localhost:8080 ...
2025/04/29 12:32:28 [INFO] 2025-04-29 12:32:28 - Starting HTTP server at http://localhost:8080 ...
2025/04/29 12:33:03 [INFO] 2025-04-29 12:33:03 - Starting HTTP server at http://localhost:8080 ...
2025/04/29 12:58:08 [INFO] 2025-04-29 12:58:08 - Starting HTTP server at http://localhost:8080 ...
2025/04/29 12:58:28 [INFO] 2025-04-29 12:58:28 - Starting HTTP server at http://localhost:8080 ...
2025/04/29 13:03:25 [INFO] 2025-04-29 13:03:25 - Starting HTTP server at http://localhost:8080 ...
2025/04/29 13:05:32 [INFO] 2025-04-29 13:05:32 - Starting HTTP server at http://localhost:8080 ...
2025/04/29 13:08:04 [INFO] 2025-04-29 13:08:04 - Starting HTTP server at http://localhost:8080 ...
2025/04/29 13:12:34 [INFO] 2025-04-29 13:12:34 - Starting HTTP server at http://localhost:8080 ...
2025/04/29 13:13:02 [INFO] 2025-04-29 13:13:02 - Starting HTTP server at http://localhost:8080 ...
2025/04/29 13:15:47 [INFO] 2025-04-29 13:15:47 - Starting HTTP server at http://localhost:8080 ...
2025/04/30 13:01:33 [INFO] 2025-04-30 13:01:33 - Starting HTTP server at http://localhost:8080 ...
2025/05/01 10:35:12 [INFO] 2025-05-01 10:35:12 - Starting HTTP server at http://localhost:8080 ...
2025/05/01 10:35:12 [ERROR] 2025-05-01 10:35:12 - Migration init errorfailed to open source, "file:///home/z-area/Desktop/01-Projects/js-projects/Social-Network/backend/db/migration": source driver: unknown driver 'file' (forgotten import?)
2025/05/01 10:37:10 [INFO] 2025-05-01 10:37:10 - Starting HTTP server at http://localhost:8080 ...
2025/05/01 10:37:10 [ERROR] 2025-05-01 10:37:10 - Migration init errorfailed to open source, "file:///home/z-area/Desktop/01-Projects/js-projects/Social-Network/backend/db/migration": source driver: unknown driver 'file' (forgotten import?)
2025/05/01 10:39:49 [INFO] 2025-05-01 10:39:49 - Starting HTTP server at http://localhost:8080 ...
2025/05/01 10:39:49 [ERROR] 2025-05-01 10:39:49 - Migration init errorfailed to open source, "file:///home/z-area/Desktop/01-Projects/js-projects/Social-Network/cmd/backend/db/migration": source driver: unknown driver 'file' (forgotten import?)
2025/05/01 10:40:18 [INFO] 2025-05-01 10:40:18 - Starting HTTP server at http://localhost:8080 ...
2025/05/01 10:40:18 [ERROR] 2025-05-01 10:40:18 - Migration init errorfailed to open source, "file:///home/z-area/Desktop/01-Projects/js-projects/Social-Network/cmd/backend/db/migration": source driver: unknown driver 'file' (forgotten import?)
2025/05/01 10:40:50 [INFO] 2025-05-01 10:40:50 - Starting HTTP server at http://localhost:8080 ...
2025/05/01 10:40:50 [ERROR] 2025-05-01 10:40:50 - Migration init errorfailed to open source, "file:///home/z-area/Desktop/01-Projects/js-projects/Social-Network/cmd/backend/db/migration": source driver: unknown driver 'file' (forgotten import?)
2025/05/01 10:41:08 [INFO] 2025-05-01 10:41:08 - Starting HTTP server at http://localhost:8080 ...
2025/05/01 10:41:08 [ERROR] 2025-05-01 10:41:08 - Migration init errorfailed to open source, "file:///home/z-area/Desktop/01-Projects/js-projects/Social-Network/backend/db/migration": source driver: unknown driver 'file' (forgotten import?)
2025/05/01 10:42:07 [INFO] 2025-05-01 10:42:07 - Starting HTTP server at http://localhost:8080 ...
2025/05/01 10:42:07 [ERROR] 2025-05-01 10:42:07 - Migration init errorfailed to open source, "file:///home/z-area/Desktop/01-Projects/js-projects/Social-Network/backend/db/migration": source driver: unknown driver 'file' (forgotten import?)
2025/05/01 10:42:38 [INFO] 2025-05-01 10:42:38 - Starting HTTP server at http://localhost:8080 ...
2025/05/01 10:42:38 [ERROR] 2025-05-01 10:42:38 - Migration init errorfailed to open source, "file:///home/z-area/Desktop/01-Projects/js-projects/Social-Network/backend/db/migration": source driver: unknown driver 'file' (forgotten import?)
2025/05/01 10:44:33 [INFO] 2025-05-01 10:44:33 - Starting HTTP server at http://localhost:8080 ...
2025/05/01 10:44:33 [ERROR] 2025-05-01 10:44:33 - Migration init errorfailed to open source, "file:///home/z-area/Desktop/01-Projects/js-projects/Social-Network/backend/db/migration": source driver: unknown driver 'file' (forgotten import?)
2025/05/01 10:44:50 [INFO] 2025-05-01 10:44:50 - Starting HTTP server at http://localhost:8080 ...
2025/05/01 10:44:50 [ERROR] 2025-05-01 10:44:50 - Migration init errorfailed to open source, "file:///home/z-area/Desktop/01-Projects/js-projects/Social-Network/backend/db/migation": source driver: unknown driver 'file' (forgotten import?)
2025/05/01 10:45:18 [INFO] 2025-05-01 10:45:18 - Starting HTTP server at http://localhost:8080 ...
2025/05/01 10:45:18 [ERROR] 2025-05-01 10:45:18 - Migration init errorfailed to open source, "file:///home/z-area/Desktop/01-Projects/js-projects/Social-Network/backend/db/migrations": source driver: unknown driver 'file' (forgotten import?)
2025/05/01 10:46:20 [INFO] 2025-05-01 10:46:20 - Starting HTTP server at http://localhost:8080 ...
2025/05/01 10:46:20 [ERROR] 2025-05-01 10:46:20 - Migration init errorfailed to open database: unable to open database file: no such file or directory
2025/05/01 10:48:02 [INFO] 2025-05-01 10:48:02 - Starting HTTP server at http://localhost:8080 ...
2025/05/01 10:48:02 [ERROR] 2025-05-01 10:48:02 - Migration init errorfailed to open source, "file:///home/z-area/Desktop/01-Projects/js-projects/Social-Network/backend/db/migration": open .: no such file or directory
2025/05/01 10:48:37 [INFO] 2025-05-01 10:48:37 - Starting HTTP server at http://localhost:8080 ...
2025/05/01 10:48:37 [ERROR] 2025-05-01 10:48:37 - Migration init errorfailed to open database: unable to open database file: no such file or directory
2025/05/01 10:49:05 [INFO] 2025-05-01 10:49:05 - Starting HTTP server at http://localhost:8080 ...
2025/05/01 10:49:05 [ERROR] 2025-05-01 10:49:05 - Migration init error failed to open database: unable to open database file: no such file or directory
2025/05/01 10:49:14 [INFO] 2025-05-01 10:49:14 - Starting HTTP server at http://localhost:8080 ...
2025/05/01 10:49:14 [ERROR] 2025-05-01 10:49:14 - Migration init error failed to open database: unable to open database file: no such file or directory
2025/05/01 10:49:29 [INFO] 2025-05-01 10:49:29 - Starting HTTP server at http://localhost:8080 ...
2025/05/01 10:49:29 [INFO] 2025-05-01 10:49:29 - Migrations applied successfully!
2025/05/01 11:04:11 [INFO] 2025-05-01 11:04:11 - Starting HTTP server at http://localhost:8080 ...
2025/05/01 11:04:11 [INFO] 2025-05-01 11:04:11 - Migrations applied successfully!
