2025/05/04 16:27:12 [INFO] 2025-05-04 16:27:12 - Starting HTTP server at http://localhost:8080 ...
2025/05/04 16:34:58 [INFO] 2025-05-04 16:34:58 - Starting HTTP server at http://localhost:8080 ...
2025/05/04 16:35:55 [INFO] 2025-05-04 16:35:55 - Starting HTTP server at http://localhost:8080 ...
2025/05/04 16:38:18 [INFO] 2025-05-04 16:38:18 - Starting HTTP server at http://localhost:8080 ...
2025/05/04 16:40:36 [INFO] 2025-05-04 16:40:36 - Starting HTTP server at http://localhost:8080 ...
2025/05/04 16:40:36 [INFO] 2025-05-04 16:40:36 - Db Opend And Created
2025/05/04 16:40:36 [WARNING] 2025-05-04 16:40:36 - Db Ping has an errorunable to open database file: no such file or directory
2025/05/04 16:41:09 [INFO] 2025-05-04 16:41:09 - Starting HTTP server at http://localhost:8080 ...
2025/05/04 16:44:10 [INFO] 2025-05-04 16:44:10 - Starting HTTP server at http://localhost:8080 ...
2025/05/04 16:44:10 [INFO] 2025-05-04 16:44:10 - Database Path: /Users/twlmed212/Desktop/MySpace/zone01/socialNetwork/backend/backend/db/sqlite/database.db
2025/05/04 16:44:10 [INFO] 2025-05-04 16:44:10 - Database opened and created
2025/05/04 16:44:10 [WARNING] 2025-05-04 16:44:10 - Database ping failed: unable to open database file: no such file or directory
2025/05/04 16:44:47 [INFO] 2025-05-04 16:44:47 - Starting HTTP server at http://localhost:8080 ...
2025/05/04 16:44:47 [INFO] 2025-05-04 16:44:47 - Database Path: /Users/twlmed212/Desktop/MySpace/zone01/socialNetwork/backend/backend/db/sqlite/database.db
2025/05/04 16:44:47 [INFO] 2025-05-04 16:44:47 - Database opened and created
2025/05/04 16:44:47 [WARNING] 2025-05-04 16:44:47 - Database ping failed: unable to open database file: no such file or directory
2025/05/04 16:48:19 [INFO] 2025-05-04 16:48:19 - Starting HTTP server at http://localhost:8080 ...
2025/05/04 16:49:44 [INFO] 2025-05-04 16:49:44 - Starting HTTP server at http://localhost:8080 ...
2025/05/04 16:50:04 [INFO] 2025-05-04 16:50:04 - Starting HTTP server at http://localhost:8080 ...
2025/05/04 16:50:04 [ERROR] 2025-05-04 16:50:04 - Migration init error failed to open source, "file:///Users/twlmed212/Desktop/MySpace/zone01/socialNetwork/backend/backend/db/migration": open .: no such file or directory
2025/05/04 16:50:16 [INFO] 2025-05-04 16:50:16 - Starting HTTP server at http://localhost:8080 ...
2025/05/04 16:50:16 [ERROR] 2025-05-04 16:50:16 - Migration init error failed to open database: unable to open database file: no such file or directory
2025/05/04 16:50:50 [INFO] 2025-05-04 16:50:50 - Starting HTTP server at http://localhost:8080 ...
2025/05/04 16:50:50 [ERROR] 2025-05-04 16:50:50 - Migration init error failed to open database: unable to open database file: no such file or directory
2025/05/04 16:54:46 [INFO] 2025-05-04 16:54:46 - Starting HTTP server at http://localhost:8080 ...
2025/05/04 16:54:46 [ERROR] 2025-05-04 16:54:46 - Migration init error failed to parse scheme from source URL: no scheme
2025/05/04 16:55:06 [INFO] 2025-05-04 16:55:06 - Starting HTTP server at http://localhost:8080 ...
2025/05/04 16:55:06 [ERROR] 2025-05-04 16:55:06 - Migration init error failed to open database: unable to open database file: no such file or directory
2025/05/04 16:55:50 [INFO] 2025-05-04 16:55:50 - Starting HTTP server at http://localhost:8080 ...
2025/05/04 16:55:50 [ERROR] 2025-05-04 16:55:50 - Migration init error failed to open database: unable to open database file: no such file or directory
2025/05/04 16:56:45 [INFO] 2025-05-04 16:56:45 - Starting HTTP server at http://localhost:8080 ...
2025/05/04 16:56:45 [ERROR] 2025-05-04 16:56:45 - Migration init error failed to open database: database driver: unknown driver sqlite (forgotten import?)
2025/05/04 16:56:52 [INFO] 2025-05-04 16:56:52 - Starting HTTP server at http://localhost:8080 ...
2025/05/04 16:56:52 [ERROR] 2025-05-04 16:56:52 - Migration init error failed to open database: unable to open database file: no such file or directory
2025/05/04 16:56:59 [INFO] 2025-05-04 16:56:59 - Starting HTTP server at http://localhost:8080 ...
2025/05/04 16:56:59 [ERROR] 2025-05-04 16:56:59 - Migration init error failed to open database: unable to open database file: no such file or directory
2025/05/04 16:57:58 [INFO] 2025-05-04 16:57:58 - Starting HTTP server at http://localhost:8080 ...
2025/05/04 16:57:58 [ERROR] 2025-05-04 16:57:58 - Migration init error failed to parse scheme from database URL: no scheme
2025/05/04 16:58:09 [INFO] 2025-05-04 16:58:09 - Starting HTTP server at http://localhost:8080 ...
2025/05/04 16:58:09 [ERROR] 2025-05-04 16:58:09 - Migration init error failed to parse scheme from database URL: no scheme
2025/05/04 16:58:25 [INFO] 2025-05-04 16:58:25 - Starting HTTP server at http://localhost:8080 ...
2025/05/04 16:58:25 [ERROR] 2025-05-04 16:58:25 - Migration init error failed to parse scheme from database URL: no scheme
2025/05/04 16:58:33 [INFO] 2025-05-04 16:58:33 - Starting HTTP server at http://localhost:8080 ...
2025/05/04 16:58:33 [ERROR] 2025-05-04 16:58:33 - Migration init error failed to parse scheme from database URL: no scheme
2025/05/04 16:59:01 [INFO] 2025-05-04 16:59:01 - Starting HTTP server at http://localhost:8080 ...
2025/05/04 16:59:01 [ERROR] 2025-05-04 16:59:01 - Migration init error failed to parse scheme from database URL: no scheme
2025/05/04 16:59:25 [INFO] 2025-05-04 16:59:25 - Starting HTTP server at http://localhost:8080 ...
2025/05/04 16:59:25 [ERROR] 2025-05-04 16:59:25 - Migration init error failed to parse scheme from database URL: no scheme
2025/05/04 16:59:54 [INFO] 2025-05-04 16:59:54 - Starting HTTP server at http://localhost:8080 ...
2025/05/04 16:59:54 [ERROR] 2025-05-04 16:59:54 - Migration init error failed to parse scheme from source URL: no scheme
2025/05/04 17:04:01 [INFO] 2025-05-04 17:04:01 - Starting HTTP server at http://localhost:8080 ...
2025/05/04 17:04:01 [ERROR] 2025-05-04 17:04:01 - Migration init error failed to parse scheme from source URL: no scheme
2025/05/04 17:04:43 [INFO] 2025-05-04 17:04:43 - Starting HTTP server at http://localhost:8080 ...
2025/05/04 17:04:43 [ERROR] 2025-05-04 17:04:43 - Migration init error failed to parse scheme from database URL: no scheme
2025/05/04 17:04:45 [INFO] 2025-05-04 17:04:45 - Starting HTTP server at http://localhost:8080 ...
2025/05/04 17:04:45 [ERROR] 2025-05-04 17:04:45 - Migration init error failed to parse scheme from database URL: no scheme
2025/05/04 17:05:02 [INFO] 2025-05-04 17:05:02 - Starting HTTP server at http://localhost:8080 ...
2025/05/04 17:05:02 [ERROR] 2025-05-04 17:05:02 - Migration init error failed to open database: unable to open database file: no such file or directory
2025/05/04 17:05:30 [INFO] 2025-05-04 17:05:30 - Starting HTTP server at http://localhost:8080 ...
2025/05/04 17:05:30 [ERROR] 2025-05-04 17:05:30 - Migration init error failed to parse scheme from database URL: no scheme
2025/05/04 17:05:44 [INFO] 2025-05-04 17:05:44 - Starting HTTP server at http://localhost:8080 ...
2025/05/04 17:05:44 [ERROR] 2025-05-04 17:05:44 - Migration init error failed to parse scheme from database URL: no scheme
2025/05/04 17:05:51 [INFO] 2025-05-04 17:05:51 - Starting HTTP server at http://localhost:8080 ...
2025/05/04 17:05:51 [ERROR] 2025-05-04 17:05:51 - Migration init error failed to parse scheme from source URL: no scheme
2025/05/04 17:05:57 [INFO] 2025-05-04 17:05:57 - Starting HTTP server at http://localhost:8080 ...
2025/05/04 17:05:57 [ERROR] 2025-05-04 17:05:57 - Migration init error failed to parse scheme from database URL: no scheme
2025/05/04 17:06:24 [INFO] 2025-05-04 17:06:24 - Starting HTTP server at http://localhost:8080 ...
2025/05/04 17:06:24 [INFO] 2025-05-04 17:06:24 - Migrations Path: /Users/twlmed212/Desktop/MySpace/zone01/socialNetwork/backend/db/migration
2025/05/04 17:06:24 [ERROR] 2025-05-04 17:06:24 - Migration init error failed to open database: database driver: unknown driver file (forgotten import?)
2025/05/04 17:08:49 [INFO] 2025-05-04 17:08:49 - Starting HTTP server at http://localhost:8080 ...
2025/05/04 17:08:49 [ERROR] 2025-05-04 17:08:49 - Migration init error failed to parse scheme from database URL: no scheme
2025/05/04 17:09:14 [INFO] 2025-05-04 17:09:14 - Starting HTTP server at http://localhost:8080 ...
2025/05/04 17:09:14 [ERROR] 2025-05-04 17:09:14 - Migration init error failed to parse scheme from database URL: no scheme
2025/05/04 17:09:41 [INFO] 2025-05-04 17:09:41 - Starting HTTP server at http://localhost:8080 ...
2025/05/04 17:09:41 [ERROR] 2025-05-04 17:09:41 - Migration init error failed to parse scheme from database URL: no scheme
2025/05/04 17:14:33 [INFO] 2025-05-04 17:14:33 - Starting HTTP server at http://localhost:8080 ...
2025/05/04 17:14:33 [ERROR] 2025-05-04 17:14:33 - Migration init error failed to parse scheme from database URL: no scheme
2025/05/04 17:15:36 [INFO] 2025-05-04 17:15:36 - Starting HTTP server at http://localhost:8080 ...
2025/05/04 17:15:36 [ERROR] 2025-05-04 17:15:36 - Migration init error failed to parse scheme from database URL: no scheme
2025/05/04 17:16:06 [INFO] 2025-05-04 17:16:06 - Starting HTTP server at http://localhost:8080 ...
2025/05/04 17:16:06 [ERROR] 2025-05-04 17:16:06 - Migration init error failed to open database: unable to open database file: no such file or directory
2025/05/04 17:16:23 [INFO] 2025-05-04 17:16:23 - Starting HTTP server at http://localhost:8080 ...
2025/05/04 17:16:23 [INFO] 2025-05-04 17:16:23 - Migrations applied successfully!
2025/05/04 17:16:55 [INFO] 2025-05-04 17:16:55 - Starting HTTP server at http://localhost:8080 ...
2025/05/04 17:16:55 [INFO] 2025-05-04 17:16:55 - Migrations applied successfully!
2025/05/04 17:17:45 [INFO] 2025-05-04 17:17:45 - Starting HTTP server at http://localhost:8080 ...
2025/05/04 17:17:45 [INFO] 2025-05-04 17:17:45 - Migrations applied successfully!
